test_ui/android/build/outputs/logs/manifest-merger-debug-report.txt
-- Merging decision tree log ---
manifest
ADDED from test_ui\android\AndroidManifest.xml:2:1-28:12
	xmlns:android
		ADDED from test_ui\android\AndroidManifest.xml:2:11-69
	package
		ADDED from test_ui\android\AndroidManifest.xml:3:5-29
		INJECTED from test_ui\android\AndroidManifest.xml
		INJECTED from test_ui\android\AndroidManifest.xml
	android:versionName
		ADDED from test_ui\android\AndroidManifest.xml:5:5-30
		INJECTED from test_ui\android\AndroidManifest.xml
		INJECTED from test_ui\android\AndroidManifest.xml
	android:versionCode
		ADDED from test_ui\android\AndroidManifest.xml:4:5-28
		INJECTED from test_ui\android\AndroidManifest.xml
		INJECTED from test_ui\android\AndroidManifest.xml
uses-sdk
ADDED from test_ui\android\AndroidManifest.xml:7:5-73
	android:targetSdkVersion
		ADDED from test_ui\android\AndroidManifest.xml:7:41-70
		INJECTED from test_ui\android\AndroidManifest.xml
		INJECTED from test_ui\android\AndroidManifest.xml
	android:minSdkVersion
		ADDED from test_ui\android\AndroidManifest.xml:7:15-40
		INJECTED from test_ui\android\AndroidManifest.xml
		INJECTED from test_ui\android\AndroidManifest.xml
uses-permission#android.permission.INTERNET
ADDED from test_ui\android\AndroidManifest.xml:8:5-66
	android:name
		ADDED from test_ui\android\AndroidManifest.xml:8:22-64
uses-permission#android.permission.ACCESS_WIFI_STATE
ADDED from test_ui\android\AndroidManifest.xml:9:5-75
	android:name
		ADDED from test_ui\android\AndroidManifest.xml:9:22-73
application
ADDED from test_ui\android\AndroidManifest.xml:11:5-26:19
	android:label
		ADDED from test_ui\android\AndroidManifest.xml:14:9-41
	android:allowBackup
		ADDED from test_ui\android\AndroidManifest.xml:12:9-35
	android:icon
		ADDED from test_ui\android\AndroidManifest.xml:13:9-45
	android:theme
		ADDED from test_ui\android\AndroidManifest.xml:15:9-40
activity#com.mygdx.game.AndroidLauncher
ADDED from test_ui\android\AndroidManifest.xml:16:9-25:20
	android:screenOrientation
		ADDED from test_ui\android\AndroidManifest.xml:19:13-50
	android:label
		ADDED from test_ui\android\AndroidManifest.xml:18:13-45
	android:configChanges
		ADDED from test_ui\android\AndroidManifest.xml:20:13-83
	android:name
		ADDED from test_ui\android\AndroidManifest.xml:17:13-58
intent-filter#android.intent.action.MAIN+android.intent.category.LAUNCHER
ADDED from test_ui\android\AndroidManifest.xml:21:13-24:29
action#android.intent.action.MAIN
ADDED from test_ui\android\AndroidManifest.xml:22:17-69
	android:name
		ADDED from test_ui\android\AndroidManifest.xml:22:25-66
category#android.intent.category.LAUNCHER
ADDED from test_ui\android\AndroidManifest.xml:23:17-77
	android:name
		ADDED from test_ui\android\AndroidManifest.xml:23:27-74